{"/home/ll-kv-kirababu/Documents/Training/session-05-starter/app.ts": {"path":"/home/ll-kv-kirababu/Documents/Training/session-05-starter/app.ts","statementMap":{"0":{"start":{"line":1,"column":0},"end":{"line":1,"column":30}},"1":{"start":{"line":2,"column":0},"end":{"line":2,"column":53}},"2":{"start":{"line":3,"column":0},"end":{"line":3,"column":62}},"3":{"start":{"line":4,"column":0},"end":{"line":4,"column":42}},"4":{"start":{"line":5,"column":0},"end":{"line":5,"column":60}},"5":{"start":{"line":6,"column":0},"end":{"line":6,"column":58}},"6":{"start":{"line":8,"column":0},"end":{"line":8,"column":62}},"7":{"start":{"line":9,"column":0},"end":{"line":9,"column":57}},"8":{"start":{"line":10,"column":0},"end":{"line":10,"column":46}},"9":{"start":{"line":12,"column":15},"end":{"line":12,"column":24}},"10":{"start":{"line":14,"column":15},"end":{"line":14,"column":49}},"11":{"start":{"line":15,"column":0},"end":{"line":15,"column":27}},"12":{"start":{"line":16,"column":0},"end":{"line":16,"column":29}},"13":{"start":{"line":18,"column":0},"end":{"line":18,"column":54}},"14":{"start":{"line":19,"column":0},"end":{"line":19,"column":null}},"15":{"start":{"line":20,"column":0},"end":{"line":20,"column":null}},"16":{"start":{"line":21,"column":0},"end":{"line":21,"column":null}},"17":{"start":{"line":23,"column":0},"end":{"line":26,"column":3}},"18":{"start":{"line":24,"column":2},"end":{"line":24,"column":23}},"19":{"start":{"line":25,"column":2},"end":{"line":25,"column":49}},"20":{"start":{"line":29,"column":0},"end":{"line":42,"column":5}},"21":{"start":{"line":29,"column":10},"end":{"line":42,"column":2}},"22":{"start":{"line":30,"column":2},"end":{"line":39,"column":3}},"23":{"start":{"line":31,"column":4},"end":{"line":31,"column":34}},"24":{"start":{"line":32,"column":4},"end":{"line":32,"column":null}},"25":{"start":{"line":33,"column":4},"end":{"line":35,"column":3}},"26":{"start":{"line":34,"column":4},"end":{"line":34,"column":44}},"27":{"start":{"line":37,"column":4},"end":{"line":37,"column":null}},"28":{"start":{"line":38,"column":4},"end":{"line":38,"column":20}}},"fnMap":{"0":{"name":"(anonymous_8)","decl":{"start":{"line":23,"column":16},"end":{"line":23,"column":17}},"loc":{"start":{"line":23,"column":29},"end":{"line":26,"column":1}}},"1":{"name":"(anonymous_9)","decl":{"start":{"line":29,"column":1},"end":{"line":29,"column":8}},"loc":{"start":{"line":29,"column":10},"end":{"line":42,"column":2}}},"2":{"name":"(anonymous_10)","decl":{"start":{"line":29,"column":10},"end":{"line":29,"column":null}},"loc":{"start":{"line":29,"column":10},"end":{"line":42,"column":1}}},"3":{"name":"(anonymous_11)","decl":{"start":{"line":33,"column":24},"end":{"line":33,"column":27}},"loc":{"start":{"line":33,"column":29},"end":{"line":35,"column":1}}}},"branchMap":{},"s":{"0":0,"1":0,"2":0,"3":0,"4":0,"5":0,"6":0,"7":0,"8":0,"9":0,"10":0,"11":0,"12":0,"13":0,"14":0,"15":0,"16":0,"17":0,"18":0,"19":0,"20":0,"21":0,"22":0,"23":0,"24":0,"25":0,"26":0,"27":0,"28":0},"f":{"0":0,"1":0,"2":0,"3":0},"b":{}}
,"/home/ll-kv-kirababu/Documents/Training/session-05-starter/employee_router.ts": {"path":"/home/ll-kv-kirababu/Documents/Training/session-05-starter/employee_router.ts","statementMap":{"0":{"start":{"line":1,"column":0},"end":{"line":1,"column":30}},"1":{"start":{"line":2,"column":0},"end":{"line":2,"column":50}},"2":{"start":{"line":3,"column":0},"end":{"line":3,"column":42}},"3":{"start":{"line":7,"column":23},"end":{"line":7,"column":39}},"4":{"start":{"line":11,"column":0},"end":{"line":15,"column":3}},"5":{"start":{"line":11,"column":43},"end":{"line":15,"column":2}},"6":{"start":{"line":12,"column":28},"end":{"line":12,"column":62}},"7":{"start":{"line":13,"column":20},"end":{"line":13,"column":51}},"8":{"start":{"line":14,"column":2},"end":{"line":14,"column":34}},"9":{"start":{"line":17,"column":0},"end":{"line":23,"column":3}},"10":{"start":{"line":17,"column":49},"end":{"line":23,"column":2}},"11":{"start":{"line":18,"column":17},"end":{"line":18,"column":27}},"12":{"start":{"line":19,"column":2},"end":{"line":19,"column":null}},"13":{"start":{"line":20,"column":28},"end":{"line":20,"column":62}},"14":{"start":{"line":21,"column":20},"end":{"line":21,"column":74}},"15":{"start":{"line":22,"column":2},"end":{"line":22,"column":34}},"16":{"start":{"line":26,"column":0},"end":{"line":38,"column":3}},"17":{"start":{"line":26,"column":44},"end":{"line":38,"column":2}},"18":{"start":{"line":28,"column":2},"end":{"line":28,"column":24}},"19":{"start":{"line":29,"column":28},"end":{"line":29,"column":62}},"20":{"start":{"line":30,"column":22},"end":{"line":30,"column":36}},"21":{"start":{"line":31,"column":2},"end":{"line":31,"column":37}},"22":{"start":{"line":32,"column":2},"end":{"line":32,"column":35}},"23":{"start":{"line":34,"column":2},"end":{"line":34,"column":null}},"24":{"start":{"line":36,"column":2},"end":{"line":36,"column":36}},"25":{"start":{"line":40,"column":0},"end":{"line":45,"column":3}},"26":{"start":{"line":41,"column":17},"end":{"line":41,"column":27}},"27":{"start":{"line":42,"column":28},"end":{"line":42,"column":62}},"28":{"start":{"line":43,"column":2},"end":{"line":43,"column":null}},"29":{"start":{"line":44,"column":2},"end":{"line":44,"column":25}},"30":{"start":{"line":47,"column":0},"end":{"line":56,"column":3}},"31":{"start":{"line":47,"column":48},"end":{"line":56,"column":2}},"32":{"start":{"line":48,"column":18},"end":{"line":48,"column":28}},"33":{"start":{"line":49,"column":23},"end":{"line":49,"column":31}},"34":{"start":{"line":50,"column":28},"end":{"line":50,"column":62}},"35":{"start":{"line":51,"column":18},"end":{"line":51,"column":72}},"36":{"start":{"line":52,"column":2},"end":{"line":52,"column":null}},"37":{"start":{"line":53,"column":2},"end":{"line":53,"column":null}},"38":{"start":{"line":54,"column":2},"end":{"line":54,"column":null}},"39":{"start":{"line":55,"column":2},"end":{"line":55,"column":42}},"40":{"start":{"line":58,"column":0},"end":{"line":67,"column":3}},"41":{"start":{"line":58,"column":50},"end":{"line":67,"column":2}},"42":{"start":{"line":59,"column":18},"end":{"line":59,"column":28}},"43":{"start":{"line":60,"column":23},"end":{"line":60,"column":31}},"44":{"start":{"line":61,"column":28},"end":{"line":61,"column":62}},"45":{"start":{"line":62,"column":18},"end":{"line":62,"column":72}},"46":{"start":{"line":63,"column":2},"end":{"line":63,"column":null}},"47":{"start":{"line":64,"column":2},"end":{"line":64,"column":null}},"48":{"start":{"line":65,"column":2},"end":{"line":65,"column":null}},"49":{"start":{"line":66,"column":2},"end":{"line":66,"column":44}},"50":{"start":{"line":69,"column":0},"end":{"line":69,"column":30}}},"fnMap":{"0":{"name":"(anonymous_8)","decl":{"start":{"line":11,"column":24},"end":{"line":11,"column":31}},"loc":{"start":{"line":11,"column":43},"end":{"line":15,"column":2}}},"1":{"name":"(anonymous_9)","decl":{"start":{"line":11,"column":43},"end":{"line":11,"column":null}},"loc":{"start":{"line":11,"column":43},"end":{"line":15,"column":1}}},"2":{"name":"(anonymous_10)","decl":{"start":{"line":17,"column":30},"end":{"line":17,"column":37}},"loc":{"start":{"line":17,"column":49},"end":{"line":23,"column":2}}},"3":{"name":"(anonymous_11)","decl":{"start":{"line":17,"column":49},"end":{"line":17,"column":null}},"loc":{"start":{"line":17,"column":49},"end":{"line":23,"column":1}}},"4":{"name":"(anonymous_12)","decl":{"start":{"line":26,"column":25},"end":{"line":26,"column":32}},"loc":{"start":{"line":26,"column":44},"end":{"line":38,"column":2}}},"5":{"name":"(anonymous_13)","decl":{"start":{"line":26,"column":44},"end":{"line":26,"column":null}},"loc":{"start":{"line":26,"column":44},"end":{"line":38,"column":1}}},"6":{"name":"(anonymous_14)","decl":{"start":{"line":40,"column":33},"end":{"line":40,"column":34}},"loc":{"start":{"line":40,"column":46},"end":{"line":45,"column":1}}},"7":{"name":"(anonymous_15)","decl":{"start":{"line":47,"column":29},"end":{"line":47,"column":36}},"loc":{"start":{"line":47,"column":48},"end":{"line":56,"column":2}}},"8":{"name":"(anonymous_16)","decl":{"start":{"line":47,"column":48},"end":{"line":47,"column":null}},"loc":{"start":{"line":47,"column":48},"end":{"line":56,"column":1}}},"9":{"name":"(anonymous_17)","decl":{"start":{"line":58,"column":31},"end":{"line":58,"column":38}},"loc":{"start":{"line":58,"column":50},"end":{"line":67,"column":2}}},"10":{"name":"(anonymous_18)","decl":{"start":{"line":58,"column":50},"end":{"line":58,"column":null}},"loc":{"start":{"line":58,"column":50},"end":{"line":67,"column":1}}}},"branchMap":{"0":{"loc":{"start":{"line":63,"column":16},"end":{"line":63,"column":37}},"type":"binary-expr","locations":[{"start":{"line":63,"column":16},"end":{"line":63,"column":20}},{"start":{"line":63,"column":24},"end":{"line":63,"column":37}}]},"1":{"loc":{"start":{"line":64,"column":17},"end":{"line":64,"column":40}},"type":"binary-expr","locations":[{"start":{"line":64,"column":17},"end":{"line":64,"column":22}},{"start":{"line":64,"column":26},"end":{"line":64,"column":40}}]}},"s":{"0":0,"1":0,"2":0,"3":0,"4":0,"5":0,"6":0,"7":0,"8":0,"9":0,"10":0,"11":0,"12":0,"13":0,"14":0,"15":0,"16":0,"17":0,"18":0,"19":0,"20":0,"21":0,"22":0,"23":0,"24":0,"25":0,"26":0,"27":0,"28":0,"29":0,"30":0,"31":0,"32":0,"33":0,"34":0,"35":0,"36":0,"37":0,"38":0,"39":0,"40":0,"41":0,"42":0,"43":0,"44":0,"45":0,"46":0,"47":0,"48":0,"49":0,"50":0},"f":{"0":0,"1":0,"2":0,"3":0,"4":0,"5":0,"6":0,"7":0,"8":0,"9":0,"10":0},"b":{"0":[0,0],"1":[0,0]}}
,"/home/ll-kv-kirababu/Documents/Training/session-05-starter/controllers/auth.controller.ts": {"path":"/home/ll-kv-kirababu/Documents/Training/session-05-starter/controllers/auth.controller.ts","statementMap":{"0":{"start":{"line":3,"column":0},"end":{"line":3,"column":55}},"1":{"start":{"line":7,"column":21},"end":{"line":7,"column":44}},"2":{"start":{"line":8,"column":12},"end":{"line":8,"column":25}},"3":{"start":{"line":13,"column":1},"end":{"line":29,"column":null}},"4":{"start":{"line":13,"column":58},"end":{"line":29,"column":null}},"5":{"start":{"line":15,"column":4},"end":{"line":27,"column":5}},"6":{"start":{"line":16,"column":33},"end":{"line":16,"column":41}},"7":{"start":{"line":18,"column":4},"end":{"line":20,"column":5}},"8":{"start":{"line":19,"column":8},"end":{"line":19,"column":null}},"9":{"start":{"line":22,"column":15},"end":{"line":22,"column":59}},"10":{"start":{"line":24,"column":4},"end":{"line":24,"column":null}},"11":{"start":{"line":26,"column":8},"end":{"line":26,"column":null}},"12":{"start":{"line":10,"column":4},"end":{"line":10,"column":null}},"13":{"start":{"line":6,"column":0},"end":{"line":6,"column":13}}},"fnMap":{"0":{"name":"(anonymous_8)","decl":{"start":{"line":7,"column":1},"end":{"line":7,"column":21}},"loc":{"start":{"line":8,"column":25},"end":{"line":11,"column":2}}},"1":{"name":"(anonymous_9)","decl":{"start":{"line":13,"column":7},"end":{"line":13,"column":13}},"loc":{"start":{"line":13,"column":58},"end":{"line":29,"column":null}}},"2":{"name":"(anonymous_10)","decl":{"start":{"line":13,"column":58},"end":{"line":13,"column":null}},"loc":{"start":{"line":13,"column":58},"end":{"line":29,"column":2}}}},"branchMap":{"0":{"loc":{"start":{"line":18,"column":4},"end":{"line":20,"column":5}},"type":"if","locations":[{"start":{"line":18,"column":4},"end":{"line":20,"column":5}}]},"1":{"loc":{"start":{"line":18,"column":7},"end":{"line":18,"column":24}},"type":"binary-expr","locations":[{"start":{"line":18,"column":7},"end":{"line":18,"column":13}},{"start":{"line":18,"column":15},"end":{"line":18,"column":24}}]}},"s":{"0":0,"1":0,"2":0,"3":0,"4":0,"5":0,"6":0,"7":0,"8":0,"9":0,"10":0,"11":0,"12":0,"13":0},"f":{"0":0,"1":0,"2":0},"b":{"0":[0],"1":[0,0]}}
,"/home/ll-kv-kirababu/Documents/Training/session-05-starter/controllers/department.controllers.ts": {"path":"/home/ll-kv-kirababu/Documents/Training/session-05-starter/controllers/department.controllers.ts","statementMap":{"0":{"start":{"line":3,"column":0},"end":{"line":3,"column":54}},"1":{"start":{"line":5,"column":0},"end":{"line":5,"column":57}},"2":{"start":{"line":6,"column":0},"end":{"line":6,"column":58}},"3":{"start":{"line":12,"column":24},"end":{"line":12,"column":59}},"4":{"start":{"line":10,"column":12},"end":{"line":10,"column":null}},"5":{"start":{"line":22,"column":5},"end":{"line":37,"column":null}},"6":{"start":{"line":22,"column":74},"end":{"line":37,"column":null}},"7":{"start":{"line":23,"column":8},"end":{"line":33,"column":9}},"8":{"start":{"line":24,"column":26},"end":{"line":24,"column":34}},"9":{"start":{"line":25,"column":13},"end":{"line":27,"column":14}},"10":{"start":{"line":26,"column":16},"end":{"line":26,"column":null}},"11":{"start":{"line":28,"column":30},"end":{"line":28,"column":81}},"12":{"start":{"line":29,"column":6},"end":{"line":29,"column":null}},"13":{"start":{"line":30,"column":6},"end":{"line":30,"column":44}},"14":{"start":{"line":32,"column":12},"end":{"line":32,"column":null}},"15":{"start":{"line":39,"column":4},"end":{"line":43,"column":null}},"16":{"start":{"line":39,"column":55},"end":{"line":43,"column":null}},"17":{"start":{"line":40,"column":26},"end":{"line":40,"column":74}},"18":{"start":{"line":41,"column":8},"end":{"line":41,"column":null}},"19":{"start":{"line":42,"column":8},"end":{"line":42,"column":null}},"20":{"start":{"line":45,"column":4},"end":{"line":60,"column":null}},"21":{"start":{"line":45,"column":73},"end":{"line":60,"column":null}},"22":{"start":{"line":46,"column":8},"end":{"line":58,"column":9}},"23":{"start":{"line":47,"column":22},"end":{"line":47,"column":43}},"24":{"start":{"line":48,"column":25},"end":{"line":48,"column":75}},"25":{"start":{"line":49,"column":8},"end":{"line":51,"column":9}},"26":{"start":{"line":50,"column":12},"end":{"line":50,"column":null}},"27":{"start":{"line":52,"column":8},"end":{"line":52,"column":null}},"28":{"start":{"line":53,"column":8},"end":{"line":53,"column":null}},"29":{"start":{"line":56,"column":12},"end":{"line":56,"column":null}},"30":{"start":{"line":57,"column":12},"end":{"line":57,"column":null}},"31":{"start":{"line":62,"column":4},"end":{"line":75,"column":null}},"32":{"start":{"line":62,"column":72},"end":{"line":75,"column":null}},"33":{"start":{"line":63,"column":8},"end":{"line":74,"column":5}},"34":{"start":{"line":63,"column":22},"end":{"line":63,"column":43}},"35":{"start":{"line":64,"column":9},"end":{"line":66,"column":9}},"36":{"start":{"line":65,"column":12},"end":{"line":65,"column":null}},"37":{"start":{"line":67,"column":21},"end":{"line":67,"column":29}},"38":{"start":{"line":68,"column":8},"end":{"line":68,"column":null}},"39":{"start":{"line":69,"column":8},"end":{"line":69,"column":null}},"40":{"start":{"line":70,"column":8},"end":{"line":70,"column":null}},"41":{"start":{"line":73,"column":8},"end":{"line":73,"column":null}},"42":{"start":{"line":77,"column":4},"end":{"line":93,"column":null}},"43":{"start":{"line":77,"column":72},"end":{"line":93,"column":null}},"44":{"start":{"line":78,"column":8},"end":{"line":91,"column":9}},"45":{"start":{"line":79,"column":18},"end":{"line":79,"column":39}},"46":{"start":{"line":80,"column":8},"end":{"line":82,"column":9}},"47":{"start":{"line":81,"column":12},"end":{"line":81,"column":null}},"48":{"start":{"line":84,"column":8},"end":{"line":84,"column":null}},"49":{"start":{"line":85,"column":8},"end":{"line":85,"column":null}},"50":{"start":{"line":86,"column":8},"end":{"line":86,"column":null}},"51":{"start":{"line":89,"column":12},"end":{"line":89,"column":null}},"52":{"start":{"line":13,"column":8},"end":{"line":17,"column":null}},"53":{"start":{"line":98,"column":0},"end":{"line":98,"column":null}}},"fnMap":{"0":{"name":"(anonymous_8)","decl":{"start":{"line":12,"column":4},"end":{"line":12,"column":24}},"loc":{"start":{"line":12,"column":73},"end":{"line":18,"column":5}}},"1":{"name":"(anonymous_9)","decl":{"start":{"line":22,"column":22},"end":{"line":22,"column":29}},"loc":{"start":{"line":22,"column":74},"end":{"line":37,"column":null}}},"2":{"name":"(anonymous_10)","decl":{"start":{"line":22,"column":74},"end":{"line":22,"column":null}},"loc":{"start":{"line":22,"column":74},"end":{"line":37,"column":5}}},"3":{"name":"(anonymous_11)","decl":{"start":{"line":39,"column":22},"end":{"line":39,"column":28}},"loc":{"start":{"line":39,"column":55},"end":{"line":43,"column":null}}},"4":{"name":"(anonymous_12)","decl":{"start":{"line":39,"column":55},"end":{"line":39,"column":null}},"loc":{"start":{"line":39,"column":55},"end":{"line":43,"column":5}}},"5":{"name":"(anonymous_13)","decl":{"start":{"line":45,"column":22},"end":{"line":45,"column":28}},"loc":{"start":{"line":45,"column":73},"end":{"line":60,"column":null}}},"6":{"name":"(anonymous_14)","decl":{"start":{"line":45,"column":73},"end":{"line":45,"column":null}},"loc":{"start":{"line":45,"column":73},"end":{"line":60,"column":5}}},"7":{"name":"(anonymous_15)","decl":{"start":{"line":62,"column":21},"end":{"line":62,"column":27}},"loc":{"start":{"line":62,"column":72},"end":{"line":75,"column":null}}},"8":{"name":"(anonymous_16)","decl":{"start":{"line":62,"column":72},"end":{"line":62,"column":null}},"loc":{"start":{"line":62,"column":72},"end":{"line":75,"column":5}}},"9":{"name":"(anonymous_17)","decl":{"start":{"line":77,"column":21},"end":{"line":77,"column":27}},"loc":{"start":{"line":77,"column":72},"end":{"line":93,"column":null}}},"10":{"name":"(anonymous_18)","decl":{"start":{"line":77,"column":72},"end":{"line":77,"column":null}},"loc":{"start":{"line":77,"column":72},"end":{"line":93,"column":5}}}},"branchMap":{"0":{"loc":{"start":{"line":25,"column":13},"end":{"line":27,"column":14}},"type":"if","locations":[{"start":{"line":25,"column":13},"end":{"line":27,"column":14}}]},"1":{"loc":{"start":{"line":49,"column":8},"end":{"line":51,"column":9}},"type":"if","locations":[{"start":{"line":49,"column":8},"end":{"line":51,"column":9}}]},"2":{"loc":{"start":{"line":64,"column":9},"end":{"line":66,"column":9}},"type":"if","locations":[{"start":{"line":64,"column":9},"end":{"line":66,"column":9}}]},"3":{"loc":{"start":{"line":80,"column":8},"end":{"line":82,"column":9}},"type":"if","locations":[{"start":{"line":80,"column":8},"end":{"line":82,"column":9}}]}},"s":{"0":0,"1":0,"2":0,"3":0,"4":0,"5":0,"6":0,"7":0,"8":0,"9":0,"10":0,"11":0,"12":0,"13":0,"14":0,"15":0,"16":0,"17":0,"18":0,"19":0,"20":0,"21":0,"22":0,"23":0,"24":0,"25":0,"26":0,"27":0,"28":0,"29":0,"30":0,"31":0,"32":0,"33":0,"34":0,"35":0,"36":0,"37":0,"38":0,"39":0,"40":0,"41":0,"42":0,"43":0,"44":0,"45":0,"46":0,"47":0,"48":0,"49":0,"50":0,"51":0,"52":0,"53":0},"f":{"0":0,"1":0,"2":0,"3":0,"4":0,"5":0,"6":0,"7":0,"8":0,"9":0,"10":0},"b":{"0":[0],"1":[0],"2":[0],"3":[0]}}
,"/home/ll-kv-kirababu/Documents/Training/session-05-starter/controllers/employee.controllers.ts": {"path":"/home/ll-kv-kirababu/Documents/Training/session-05-starter/controllers/employee.controllers.ts","statementMap":{"0":{"start":{"line":3,"column":0},"end":{"line":3,"column":58}},"1":{"start":{"line":4,"column":0},"end":{"line":4,"column":54}},"2":{"start":{"line":6,"column":0},"end":{"line":6,"column":51}},"3":{"start":{"line":7,"column":0},"end":{"line":7,"column":42}},"4":{"start":{"line":8,"column":0},"end":{"line":8,"column":62}},"5":{"start":{"line":9,"column":0},"end":{"line":9,"column":80}},"6":{"start":{"line":10,"column":0},"end":{"line":10,"column":58}},"7":{"start":{"line":11,"column":0},"end":{"line":11,"column":57}},"8":{"start":{"line":12,"column":0},"end":{"line":12,"column":61}},"9":{"start":{"line":17,"column":24},"end":{"line":17,"column":55}},"10":{"start":{"line":16,"column":12},"end":{"line":16,"column":null}},"11":{"start":{"line":26,"column":5},"end":{"line":44,"column":null}},"12":{"start":{"line":26,"column":72},"end":{"line":44,"column":null}},"13":{"start":{"line":27,"column":11},"end":{"line":41,"column":5}},"14":{"start":{"line":28,"column":32},"end":{"line":28,"column":76}},"15":{"start":{"line":29,"column":21},"end":{"line":29,"column":54}},"16":{"start":{"line":30,"column":6},"end":{"line":33,"column":7}},"17":{"start":{"line":31,"column":8},"end":{"line":31,"column":44}},"18":{"start":{"line":32,"column":8},"end":{"line":32,"column":61}},"19":{"start":{"line":34,"column":28},"end":{"line":35,"column":null}},"20":{"start":{"line":37,"column":6},"end":{"line":37,"column":null}},"21":{"start":{"line":38,"column":6},"end":{"line":38,"column":42}},"22":{"start":{"line":40,"column":6},"end":{"line":40,"column":18}},"23":{"start":{"line":46,"column":4},"end":{"line":50,"column":null}},"24":{"start":{"line":46,"column":53},"end":{"line":50,"column":null}},"25":{"start":{"line":47,"column":24},"end":{"line":47,"column":68}},"26":{"start":{"line":48,"column":8},"end":{"line":48,"column":null}},"27":{"start":{"line":49,"column":8},"end":{"line":49,"column":null}},"28":{"start":{"line":52,"column":4},"end":{"line":67,"column":null}},"29":{"start":{"line":52,"column":71},"end":{"line":67,"column":null}},"30":{"start":{"line":53,"column":8},"end":{"line":65,"column":9}},"31":{"start":{"line":54,"column":22},"end":{"line":54,"column":43}},"32":{"start":{"line":55,"column":23},"end":{"line":55,"column":69}},"33":{"start":{"line":56,"column":8},"end":{"line":58,"column":9}},"34":{"start":{"line":57,"column":12},"end":{"line":57,"column":null}},"35":{"start":{"line":59,"column":8},"end":{"line":59,"column":null}},"36":{"start":{"line":60,"column":8},"end":{"line":60,"column":null}},"37":{"start":{"line":63,"column":12},"end":{"line":63,"column":null}},"38":{"start":{"line":64,"column":12},"end":{"line":64,"column":null}},"39":{"start":{"line":71,"column":4},"end":{"line":91,"column":null}},"40":{"start":{"line":71,"column":70},"end":{"line":91,"column":null}},"41":{"start":{"line":72,"column":8},"end":{"line":89,"column":9}},"42":{"start":{"line":73,"column":18},"end":{"line":73,"column":39}},"43":{"start":{"line":74,"column":35},"end":{"line":74,"column":79}},"44":{"start":{"line":75,"column":9},"end":{"line":75,"column":null}},"45":{"start":{"line":76,"column":21},"end":{"line":76,"column":54}},"46":{"start":{"line":77,"column":6},"end":{"line":80,"column":7}},"47":{"start":{"line":78,"column":8},"end":{"line":78,"column":44}},"48":{"start":{"line":79,"column":8},"end":{"line":79,"column":61}},"49":{"start":{"line":83,"column":8},"end":{"line":83,"column":null}},"50":{"start":{"line":84,"column":8},"end":{"line":84,"column":null}},"51":{"start":{"line":85,"column":8},"end":{"line":85,"column":null}},"52":{"start":{"line":88,"column":12},"end":{"line":88,"column":null}},"53":{"start":{"line":93,"column":4},"end":{"line":106,"column":null}},"54":{"start":{"line":93,"column":52},"end":{"line":106,"column":null}},"55":{"start":{"line":94,"column":8},"end":{"line":104,"column":9}},"56":{"start":{"line":95,"column":22},"end":{"line":95,"column":43}},"57":{"start":{"line":96,"column":12},"end":{"line":98,"column":13}},"58":{"start":{"line":97,"column":16},"end":{"line":97,"column":null}},"59":{"start":{"line":99,"column":8},"end":{"line":99,"column":null}},"60":{"start":{"line":100,"column":8},"end":{"line":100,"column":null}},"61":{"start":{"line":101,"column":8},"end":{"line":101,"column":null}},"62":{"start":{"line":18,"column":8},"end":{"line":21,"column":null}},"63":{"start":{"line":22,"column":8},"end":{"line":22,"column":null}},"64":{"start":{"line":109,"column":0},"end":{"line":109,"column":null}}},"fnMap":{"0":{"name":"(anonymous_8)","decl":{"start":{"line":17,"column":4},"end":{"line":17,"column":24}},"loc":{"start":{"line":17,"column":69},"end":{"line":24,"column":5}}},"1":{"name":"(anonymous_9)","decl":{"start":{"line":26,"column":20},"end":{"line":26,"column":27}},"loc":{"start":{"line":26,"column":72},"end":{"line":44,"column":null}}},"2":{"name":"(anonymous_10)","decl":{"start":{"line":26,"column":72},"end":{"line":26,"column":null}},"loc":{"start":{"line":26,"column":72},"end":{"line":44,"column":5}}},"3":{"name":"(anonymous_11)","decl":{"start":{"line":46,"column":20},"end":{"line":46,"column":26}},"loc":{"start":{"line":46,"column":53},"end":{"line":50,"column":null}}},"4":{"name":"(anonymous_12)","decl":{"start":{"line":46,"column":53},"end":{"line":46,"column":null}},"loc":{"start":{"line":46,"column":53},"end":{"line":50,"column":5}}},"5":{"name":"(anonymous_13)","decl":{"start":{"line":52,"column":20},"end":{"line":52,"column":26}},"loc":{"start":{"line":52,"column":71},"end":{"line":67,"column":null}}},"6":{"name":"(anonymous_14)","decl":{"start":{"line":52,"column":71},"end":{"line":52,"column":null}},"loc":{"start":{"line":52,"column":71},"end":{"line":67,"column":5}}},"7":{"name":"(anonymous_15)","decl":{"start":{"line":71,"column":19},"end":{"line":71,"column":25}},"loc":{"start":{"line":71,"column":70},"end":{"line":91,"column":null}}},"8":{"name":"(anonymous_16)","decl":{"start":{"line":71,"column":70},"end":{"line":71,"column":null}},"loc":{"start":{"line":71,"column":70},"end":{"line":91,"column":5}}},"9":{"name":"(anonymous_17)","decl":{"start":{"line":93,"column":19},"end":{"line":93,"column":25}},"loc":{"start":{"line":93,"column":52},"end":{"line":106,"column":null}}},"10":{"name":"(anonymous_18)","decl":{"start":{"line":93,"column":52},"end":{"line":93,"column":null}},"loc":{"start":{"line":93,"column":52},"end":{"line":106,"column":5}}}},"branchMap":{"0":{"loc":{"start":{"line":30,"column":6},"end":{"line":33,"column":7}},"type":"if","locations":[{"start":{"line":30,"column":6},"end":{"line":33,"column":7}}]},"1":{"loc":{"start":{"line":56,"column":8},"end":{"line":58,"column":9}},"type":"if","locations":[{"start":{"line":56,"column":8},"end":{"line":58,"column":9}}]},"2":{"loc":{"start":{"line":77,"column":6},"end":{"line":80,"column":7}},"type":"if","locations":[{"start":{"line":77,"column":6},"end":{"line":80,"column":7}}]},"3":{"loc":{"start":{"line":96,"column":12},"end":{"line":98,"column":13}},"type":"if","locations":[{"start":{"line":96,"column":12},"end":{"line":98,"column":13}}]}},"s":{"0":0,"1":0,"2":0,"3":0,"4":0,"5":0,"6":0,"7":0,"8":0,"9":0,"10":0,"11":0,"12":0,"13":0,"14":0,"15":0,"16":0,"17":0,"18":0,"19":0,"20":0,"21":0,"22":0,"23":0,"24":0,"25":0,"26":0,"27":0,"28":0,"29":0,"30":0,"31":0,"32":0,"33":0,"34":0,"35":0,"36":0,"37":0,"38":0,"39":0,"40":0,"41":0,"42":0,"43":0,"44":0,"45":0,"46":0,"47":0,"48":0,"49":0,"50":0,"51":0,"52":0,"53":0,"54":0,"55":0,"56":0,"57":0,"58":0,"59":0,"60":0,"61":0,"62":0,"63":0,"64":0},"f":{"0":0,"1":0,"2":0,"3":0,"4":0,"5":0,"6":0,"7":0,"8":0,"9":0,"10":0},"b":{"0":[0],"1":[0],"2":[0],"3":[0]}}
,"/home/ll-kv-kirababu/Documents/Training/session-05-starter/db/data-source.ts": {"path":"/home/ll-kv-kirababu/Documents/Training/session-05-starter/db/data-source.ts","statementMap":{"0":{"start":{"line":1,"column":0},"end":{"line":1,"column":25}},"1":{"start":{"line":2,"column":0},"end":{"line":2,"column":36}},"2":{"start":{"line":3,"column":0},"end":{"line":3,"column":63}},"3":{"start":{"line":4,"column":0},"end":{"line":4,"column":22}},"4":{"start":{"line":8,"column":17},"end":{"line":21,"column":2}},"5":{"start":{"line":23,"column":0},"end":{"line":23,"column":null}}},"fnMap":{},"branchMap":{},"s":{"0":0,"1":0,"2":0,"3":0,"4":0,"5":0},"f":{},"b":{}}
,"/home/ll-kv-kirababu/Documents/Training/session-05-starter/db/migrations/1747991524317-add-cols.ts": {"path":"/home/ll-kv-kirababu/Documents/Training/session-05-starter/db/migrations/1747991524317-add-cols.ts","statementMap":{"0":{"start":{"line":4,"column":4},"end":{"line":4,"column":null}},"1":{"start":{"line":7,"column":9},"end":{"line":7,"column":122}},"2":{"start":{"line":8,"column":4},"end":{"line":8,"column":118}},"3":{"start":{"line":9,"column":4},"end":{"line":9,"column":127}},"4":{"start":{"line":10,"column":4},"end":{"line":10,"column":98}},"5":{"start":{"line":11,"column":4},"end":{"line":11,"column":109}},"6":{"start":{"line":15,"column":8},"end":{"line":15,"column":88}},"7":{"start":{"line":16,"column":8},"end":{"line":16,"column":83}},"8":{"start":{"line":17,"column":8},"end":{"line":17,"column":79}},"9":{"start":{"line":18,"column":8},"end":{"line":18,"column":77}},"10":{"start":{"line":19,"column":8},"end":{"line":19,"column":84}},"11":{"start":{"line":3,"column":0},"end":{"line":3,"column":13}}},"fnMap":{"0":{"name":"(anonymous_7)","decl":{"start":{"line":3,"column":0},"end":{"line":3,"column":13}},"loc":{"start":{"line":3,"column":0},"end":{"line":22,"column":1}}},"1":{"name":"(anonymous_8)","decl":{"start":{"line":6,"column":17},"end":{"line":6,"column":19}},"loc":{"start":{"line":6,"column":44},"end":{"line":12,"column":null}}},"2":{"name":"(anonymous_10)","decl":{"start":{"line":14,"column":17},"end":{"line":14,"column":21}},"loc":{"start":{"line":14,"column":46},"end":{"line":20,"column":null}}}},"branchMap":{},"s":{"0":0,"1":0,"2":0,"3":0,"4":0,"5":0,"6":0,"7":0,"8":0,"9":0,"10":0,"11":0},"f":{"0":0,"1":0,"2":0},"b":{}}
,"/home/ll-kv-kirababu/Documents/Training/session-05-starter/db/migrations/1747992847959-add-cols.ts": {"path":"/home/ll-kv-kirababu/Documents/Training/session-05-starter/db/migrations/1747992847959-add-cols.ts","statementMap":{"0":{"start":{"line":4,"column":4},"end":{"line":4,"column":null}},"1":{"start":{"line":7,"column":8},"end":{"line":7,"column":98}},"2":{"start":{"line":8,"column":8},"end":{"line":8,"column":97}},"3":{"start":{"line":9,"column":8},"end":{"line":9,"column":102}},"4":{"start":{"line":13,"column":8},"end":{"line":13,"column":107}},"5":{"start":{"line":14,"column":8},"end":{"line":14,"column":100}},"6":{"start":{"line":15,"column":8},"end":{"line":15,"column":107}},"7":{"start":{"line":3,"column":0},"end":{"line":3,"column":13}}},"fnMap":{"0":{"name":"(anonymous_7)","decl":{"start":{"line":3,"column":0},"end":{"line":3,"column":13}},"loc":{"start":{"line":3,"column":0},"end":{"line":18,"column":1}}},"1":{"name":"(anonymous_8)","decl":{"start":{"line":6,"column":17},"end":{"line":6,"column":19}},"loc":{"start":{"line":6,"column":44},"end":{"line":10,"column":null}}},"2":{"name":"(anonymous_10)","decl":{"start":{"line":12,"column":17},"end":{"line":12,"column":21}},"loc":{"start":{"line":12,"column":46},"end":{"line":16,"column":null}}}},"branchMap":{},"s":{"0":0,"1":0,"2":0,"3":0,"4":0,"5":0,"6":0,"7":0},"f":{"0":0,"1":0,"2":0},"b":{}}
,"/home/ll-kv-kirababu/Documents/Training/session-05-starter/db/migrations/1747996370062-add-column-address.ts": {"path":"/home/ll-kv-kirababu/Documents/Training/session-05-starter/db/migrations/1747996370062-add-column-address.ts","statementMap":{"0":{"start":{"line":4,"column":4},"end":{"line":4,"column":null}},"1":{"start":{"line":7,"column":8},"end":{"line":7,"column":96}},"2":{"start":{"line":8,"column":8},"end":{"line":8,"column":89}},"3":{"start":{"line":9,"column":8},"end":{"line":9,"column":98}},"4":{"start":{"line":10,"column":8},"end":{"line":10,"column":97}},"5":{"start":{"line":11,"column":8},"end":{"line":11,"column":102}},"6":{"start":{"line":15,"column":8},"end":{"line":15,"column":107}},"7":{"start":{"line":16,"column":8},"end":{"line":16,"column":100}},"8":{"start":{"line":17,"column":8},"end":{"line":17,"column":107}},"9":{"start":{"line":18,"column":8},"end":{"line":18,"column":80}},"10":{"start":{"line":19,"column":8},"end":{"line":19,"column":77}},"11":{"start":{"line":3,"column":0},"end":{"line":3,"column":13}}},"fnMap":{"0":{"name":"(anonymous_7)","decl":{"start":{"line":3,"column":0},"end":{"line":3,"column":13}},"loc":{"start":{"line":3,"column":0},"end":{"line":22,"column":1}}},"1":{"name":"(anonymous_8)","decl":{"start":{"line":6,"column":17},"end":{"line":6,"column":19}},"loc":{"start":{"line":6,"column":44},"end":{"line":12,"column":null}}},"2":{"name":"(anonymous_10)","decl":{"start":{"line":14,"column":17},"end":{"line":14,"column":21}},"loc":{"start":{"line":14,"column":46},"end":{"line":20,"column":null}}}},"branchMap":{},"s":{"0":0,"1":0,"2":0,"3":0,"4":0,"5":0,"6":0,"7":0,"8":0,"9":0,"10":0,"11":0},"f":{"0":0,"1":0,"2":0},"b":{}}
,"/home/ll-kv-kirababu/Documents/Training/session-05-starter/dto/create-address.dto.ts": {"path":"/home/ll-kv-kirababu/Documents/Training/session-05-starter/dto/create-address.dto.ts","statementMap":{"0":{"start":{"line":1,"column":0},"end":{"line":1,"column":65}},"1":{"start":{"line":3,"column":0},"end":{"line":3,"column":13}},"2":{"start":{"line":6,"column":2},"end":{"line":6,"column":null}},"3":{"start":{"line":10,"column":2},"end":{"line":10,"column":null}},"4":{"start":{"line":13,"column":2},"end":{"line":13,"column":null}},"5":{"start":{"line":16,"column":2},"end":{"line":16,"column":null}}},"fnMap":{},"branchMap":{},"s":{"0":0,"1":0,"2":0,"3":0,"4":0,"5":0},"f":{},"b":{}}
,"/home/ll-kv-kirababu/Documents/Training/session-05-starter/dto/create-department.dto.ts": {"path":"/home/ll-kv-kirababu/Documents/Training/session-05-starter/dto/create-department.dto.ts","statementMap":{"0":{"start":{"line":1,"column":0},"end":{"line":1,"column":55}},"1":{"start":{"line":4,"column":0},"end":{"line":4,"column":13}},"2":{"start":{"line":8,"column":2},"end":{"line":8,"column":null}}},"fnMap":{},"branchMap":{},"s":{"0":0,"1":0,"2":0},"f":{},"b":{}}
,"/home/ll-kv-kirababu/Documents/Training/session-05-starter/dto/create-employee.dto.ts": {"path":"/home/ll-kv-kirababu/Documents/Training/session-05-starter/dto/create-employee.dto.ts","statementMap":{"0":{"start":{"line":1,"column":0},"end":{"line":1,"column":109}},"1":{"start":{"line":2,"column":0},"end":{"line":2,"column":56}},"2":{"start":{"line":3,"column":0},"end":{"line":3,"column":41}},"3":{"start":{"line":4,"column":0},"end":{"line":4,"column":85}},"4":{"start":{"line":6,"column":0},"end":{"line":6,"column":62}},"5":{"start":{"line":8,"column":0},"end":{"line":8,"column":13}},"6":{"start":{"line":11,"column":2},"end":{"line":11,"column":null}},"7":{"start":{"line":14,"column":2},"end":{"line":14,"column":null}},"8":{"start":{"line":18,"column":2},"end":{"line":18,"column":null}},"9":{"start":{"line":22,"column":2},"end":{"line":22,"column":null}},"10":{"start":{"line":26,"column":2},"end":{"line":26,"column":null}},"11":{"start":{"line":25,"column":14},"end":{"line":25,"column":30}},"12":{"start":{"line":31,"column":2},"end":{"line":31,"column":null}},"13":{"start":{"line":30,"column":14},"end":{"line":30,"column":33}},"14":{"start":{"line":35,"column":0},"end":{"line":35,"column":null}},"15":{"start":{"line":41,"column":2},"end":{"line":41,"column":null}},"16":{"start":{"line":45,"column":0},"end":{"line":45,"column":null}},"17":{"start":{"line":48,"column":0},"end":{"line":48,"column":null}},"18":{"start":{"line":54,"column":0},"end":{"line":54,"column":null}}},"fnMap":{"0":{"name":"(anonymous_2)","decl":{"start":{"line":25,"column":8},"end":{"line":25,"column":11}},"loc":{"start":{"line":25,"column":14},"end":{"line":25,"column":30}}},"1":{"name":"(anonymous_3)","decl":{"start":{"line":30,"column":8},"end":{"line":30,"column":11}},"loc":{"start":{"line":30,"column":14},"end":{"line":30,"column":33}}}},"branchMap":{},"s":{"0":0,"1":0,"2":0,"3":0,"4":0,"5":0,"6":0,"7":0,"8":0,"9":0,"10":0,"11":0,"12":0,"13":0,"14":0,"15":0,"16":0,"17":0,"18":0},"f":{"0":0,"1":0},"b":{}}
,"/home/ll-kv-kirababu/Documents/Training/session-05-starter/dto/jwt-payload.ts": {"path":"/home/ll-kv-kirababu/Documents/Training/session-05-starter/dto/jwt-payload.ts","statementMap":{"0":{"start":{"line":3,"column":0},"end":{"line":3,"column":13}}},"fnMap":{},"branchMap":{},"s":{"0":0},"f":{},"b":{}}
,"/home/ll-kv-kirababu/Documents/Training/session-05-starter/dto/update-employee.dto.ts": {"path":"/home/ll-kv-kirababu/Documents/Training/session-05-starter/dto/update-employee.dto.ts","statementMap":{"0":{"start":{"line":1,"column":0},"end":{"line":1,"column":93}},"1":{"start":{"line":2,"column":0},"end":{"line":2,"column":75}},"2":{"start":{"line":4,"column":0},"end":{"line":4,"column":13}},"3":{"start":{"line":6,"column":2},"end":{"line":6,"column":null}},"4":{"start":{"line":10,"column":2},"end":{"line":10,"column":null}},"5":{"start":{"line":14,"column":2},"end":{"line":14,"column":null}},"6":{"start":{"line":18,"column":2},"end":{"line":18,"column":null}},"7":{"start":{"line":22,"column":2},"end":{"line":22,"column":null}},"8":{"start":{"line":26,"column":2},"end":{"line":26,"column":null}},"9":{"start":{"line":31,"column":2},"end":{"line":31,"column":null}},"10":{"start":{"line":35,"column":2},"end":{"line":35,"column":null}},"11":{"start":{"line":39,"column":2},"end":{"line":39,"column":null}},"12":{"start":{"line":42,"column":2},"end":{"line":42,"column":null}},"13":{"start":{"line":46,"column":2},"end":{"line":46,"column":null}}},"fnMap":{},"branchMap":{},"s":{"0":0,"1":0,"2":0,"3":0,"4":0,"5":0,"6":0,"7":0,"8":0,"9":0,"10":0,"11":0,"12":0,"13":0},"f":{},"b":{}}
,"/home/ll-kv-kirababu/Documents/Training/session-05-starter/entities/abstract.entity.ts": {"path":"/home/ll-kv-kirababu/Documents/Training/session-05-starter/entities/abstract.entity.ts","statementMap":{"0":{"start":{"line":1,"column":0},"end":{"line":1,"column":103}},"1":{"start":{"line":5,"column":4},"end":{"line":5,"column":null}},"2":{"start":{"line":8,"column":4},"end":{"line":8,"column":null}},"3":{"start":{"line":11,"column":4},"end":{"line":11,"column":null}},"4":{"start":{"line":14,"column":4},"end":{"line":14,"column":null}},"5":{"start":{"line":18,"column":0},"end":{"line":18,"column":30}}},"fnMap":{},"branchMap":{},"s":{"0":2,"1":2,"2":2,"3":2,"4":2,"5":2},"f":{},"b":{}}
,"/home/ll-kv-kirababu/Documents/Training/session-05-starter/entities/address.entity.ts": {"path":"/home/ll-kv-kirababu/Documents/Training/session-05-starter/entities/address.entity.ts","statementMap":{"0":{"start":{"line":1,"column":0},"end":{"line":1,"column":87}},"1":{"start":{"line":2,"column":0},"end":{"line":2,"column":47}},"2":{"start":{"line":3,"column":0},"end":{"line":3,"column":41}},"3":{"start":{"line":6,"column":0},"end":{"line":30,"column":null}},"4":{"start":{"line":8,"column":4},"end":{"line":8,"column":null}},"5":{"start":{"line":11,"column":4},"end":{"line":11,"column":null}},"6":{"start":{"line":14,"column":4},"end":{"line":14,"column":null}},"7":{"start":{"line":17,"column":4},"end":{"line":17,"column":null}},"8":{"start":{"line":20,"column":4},"end":{"line":20,"column":null}},"9":{"start":{"line":26,"column":4},"end":{"line":26,"column":null}},"10":{"start":{"line":22,"column":20},"end":{"line":22,"column":28}},"11":{"start":{"line":22,"column":44},"end":{"line":22,"column":60}},"12":{"start":{"line":6,"column":6},"end":{"line":30,"column":null}},"13":{"start":{"line":32,"column":0},"end":{"line":32,"column":null}}},"fnMap":{"0":{"name":"(anonymous_3)","decl":{"start":{"line":22,"column":14},"end":{"line":22,"column":17}},"loc":{"start":{"line":22,"column":20},"end":{"line":22,"column":28}}},"1":{"name":"(anonymous_4)","decl":{"start":{"line":22,"column":30},"end":{"line":22,"column":31}},"loc":{"start":{"line":22,"column":44},"end":{"line":22,"column":60}}}},"branchMap":{},"s":{"0":2,"1":2,"2":2,"3":2,"4":2,"5":2,"6":2,"7":2,"8":2,"9":2,"10":1,"11":1,"12":2,"13":2},"f":{"0":1,"1":1},"b":{}}
,"/home/ll-kv-kirababu/Documents/Training/session-05-starter/entities/department.entity.ts": {"path":"/home/ll-kv-kirababu/Documents/Training/session-05-starter/entities/department.entity.ts","statementMap":{"0":{"start":{"line":1,"column":0},"end":{"line":1,"column":52}},"1":{"start":{"line":2,"column":0},"end":{"line":2,"column":47}},"2":{"start":{"line":3,"column":0},"end":{"line":3,"column":41}},"3":{"start":{"line":7,"column":0},"end":{"line":16,"column":null}},"4":{"start":{"line":10,"column":4},"end":{"line":10,"column":null}},"5":{"start":{"line":13,"column":4},"end":{"line":13,"column":null}},"6":{"start":{"line":12,"column":19},"end":{"line":12,"column":27}},"7":{"start":{"line":12,"column":40},"end":{"line":12,"column":59}},"8":{"start":{"line":7,"column":6},"end":{"line":16,"column":null}},"9":{"start":{"line":18,"column":0},"end":{"line":18,"column":null}}},"fnMap":{"0":{"name":"(anonymous_3)","decl":{"start":{"line":12,"column":15},"end":{"line":12,"column":17}},"loc":{"start":{"line":12,"column":19},"end":{"line":12,"column":27}}},"1":{"name":"(anonymous_4)","decl":{"start":{"line":12,"column":28},"end":{"line":12,"column":29}},"loc":{"start":{"line":12,"column":40},"end":{"line":12,"column":59}}}},"branchMap":{},"s":{"0":2,"1":2,"2":2,"3":2,"4":2,"5":2,"6":1,"7":1,"8":2,"9":2},"f":{"0":1,"1":1},"b":{}}
,"/home/ll-kv-kirababu/Documents/Training/session-05-starter/entities/employee.entity.ts": {"path":"/home/ll-kv-kirababu/Documents/Training/session-05-starter/entities/employee.entity.ts","statementMap":{"0":{"start":{"line":1,"column":0},"end":{"line":1,"column":91}},"1":{"start":{"line":2,"column":0},"end":{"line":2,"column":47}},"2":{"start":{"line":3,"column":0},"end":{"line":3,"column":39}},"3":{"start":{"line":4,"column":0},"end":{"line":4,"column":45}},"4":{"start":{"line":8,"column":0},"end":{"line":8,"column":null}},"5":{"start":{"line":9,"column":2},"end":{"line":9,"column":null}},"6":{"start":{"line":10,"column":2},"end":{"line":10,"column":null}},"7":{"start":{"line":11,"column":2},"end":{"line":11,"column":null}},"8":{"start":{"line":12,"column":2},"end":{"line":12,"column":null}},"9":{"start":{"line":15,"column":0},"end":{"line":15,"column":null}},"10":{"start":{"line":16,"column":2},"end":{"line":16,"column":null}},"11":{"start":{"line":17,"column":2},"end":{"line":17,"column":null}},"12":{"start":{"line":18,"column":2},"end":{"line":18,"column":null}},"13":{"start":{"line":22,"column":0},"end":{"line":72,"column":null}},"14":{"start":{"line":24,"column":4},"end":{"line":24,"column":null}},"15":{"start":{"line":27,"column":4},"end":{"line":27,"column":null}},"16":{"start":{"line":30,"column":4},"end":{"line":30,"column":null}},"17":{"start":{"line":33,"column":4},"end":{"line":33,"column":null}},"18":{"start":{"line":36,"column":4},"end":{"line":36,"column":null}},"19":{"start":{"line":41,"column":2},"end":{"line":41,"column":null}},"20":{"start":{"line":38,"column":20},"end":{"line":38,"column":27}},"21":{"start":{"line":38,"column":42},"end":{"line":38,"column":58}},"22":{"start":{"line":44,"column":3},"end":{"line":44,"column":null}},"23":{"start":{"line":43,"column":18},"end":{"line":43,"column":28}},"24":{"start":{"line":43,"column":43},"end":{"line":43,"column":63}},"25":{"start":{"line":47,"column":4},"end":{"line":47,"column":null}},"26":{"start":{"line":55,"column":4},"end":{"line":55,"column":null}},"27":{"start":{"line":62,"column":4},"end":{"line":62,"column":null}},"28":{"start":{"line":65,"column":4},"end":{"line":65,"column":null}},"29":{"start":{"line":69,"column":4},"end":{"line":69,"column":null}},"30":{"start":{"line":22,"column":6},"end":{"line":72,"column":null}},"31":{"start":{"line":74,"column":2},"end":{"line":74,"column":26}}},"fnMap":{"0":{"name":"(anonymous_3)","decl":{"start":{"line":8,"column":0},"end":{"line":8,"column":12}},"loc":{"start":{"line":8,"column":24},"end":{"line":13,"column":1}}},"1":{"name":"(anonymous_4)","decl":{"start":{"line":15,"column":0},"end":{"line":15,"column":12}},"loc":{"start":{"line":15,"column":26},"end":{"line":19,"column":1}}},"2":{"name":"(anonymous_5)","decl":{"start":{"line":38,"column":14},"end":{"line":38,"column":17}},"loc":{"start":{"line":38,"column":20},"end":{"line":38,"column":27}}},"3":{"name":"(anonymous_6)","decl":{"start":{"line":38,"column":29},"end":{"line":38,"column":30}},"loc":{"start":{"line":38,"column":42},"end":{"line":38,"column":58}}},"4":{"name":"(anonymous_7)","decl":{"start":{"line":43,"column":14},"end":{"line":43,"column":16}},"loc":{"start":{"line":43,"column":18},"end":{"line":43,"column":28}}},"5":{"name":"(anonymous_8)","decl":{"start":{"line":43,"column":29},"end":{"line":43,"column":30}},"loc":{"start":{"line":43,"column":43},"end":{"line":43,"column":63}}}},"branchMap":{"0":{"loc":{"start":{"line":8,"column":12},"end":{"line":8,"column":null}},"type":"binary-expr","locations":[{"start":{"line":8,"column":12},"end":{"line":8,"column":24}},{"start":{"line":8,"column":24},"end":{"line":8,"column":null}}]},"1":{"loc":{"start":{"line":15,"column":12},"end":{"line":15,"column":null}},"type":"binary-expr","locations":[{"start":{"line":15,"column":12},"end":{"line":15,"column":26}},{"start":{"line":15,"column":26},"end":{"line":15,"column":null}}]}},"s":{"0":2,"1":2,"2":2,"3":2,"4":2,"5":2,"6":2,"7":2,"8":2,"9":2,"10":2,"11":2,"12":2,"13":2,"14":2,"15":2,"16":2,"17":2,"18":2,"19":2,"20":1,"21":1,"22":2,"23":1,"24":1,"25":2,"26":2,"27":2,"28":2,"29":2,"30":2,"31":2},"f":{"0":2,"1":2,"2":1,"3":1,"4":1,"5":1},"b":{"0":[2,2],"1":[2,2]}}
,"/home/ll-kv-kirababu/Documents/Training/session-05-starter/exception/httpException.ts": {"path":"/home/ll-kv-kirababu/Documents/Training/session-05-starter/exception/httpException.ts","statementMap":{"0":{"start":{"line":6,"column":8},"end":{"line":6,"column":23}},"1":{"start":{"line":7,"column":8},"end":{"line":7,"column":null}},"2":{"start":{"line":8,"column":8},"end":{"line":8,"column":null}},"3":{"start":{"line":12,"column":0},"end":{"line":12,"column":null}}},"fnMap":{"0":{"name":"(anonymous_0)","decl":{"start":{"line":5,"column":4},"end":{"line":5,"column":16}},"loc":{"start":{"line":5,"column":44},"end":{"line":9,"column":5}}}},"branchMap":{},"s":{"0":0,"1":0,"2":0,"3":0},"f":{"0":0},"b":{}}
,"/home/ll-kv-kirababu/Documents/Training/session-05-starter/middlewares/authMiddleware.ts": {"path":"/home/ll-kv-kirababu/Documents/Training/session-05-starter/middlewares/authMiddleware.ts","statementMap":{"0":{"start":{"line":2,"column":0},"end":{"line":2,"column":55}},"1":{"start":{"line":4,"column":0},"end":{"line":4,"column":30}},"2":{"start":{"line":5,"column":0},"end":{"line":5,"column":48}},"3":{"start":{"line":8,"column":16},"end":{"line":19,"column":1}},"4":{"start":{"line":9,"column":18},"end":{"line":9,"column":43}},"5":{"start":{"line":11,"column":4},"end":{"line":13,"column":5}},"6":{"start":{"line":12,"column":8},"end":{"line":12,"column":null}},"7":{"start":{"line":15,"column":23},"end":{"line":15,"column":39}},"8":{"start":{"line":16,"column":4},"end":{"line":17,"column":null}},"9":{"start":{"line":17,"column":8},"end":{"line":17,"column":null}},"10":{"start":{"line":18,"column":4},"end":{"line":18,"column":null}},"11":{"start":{"line":21,"column":30},"end":{"line":36,"column":1}},"12":{"start":{"line":22,"column":18},"end":{"line":22,"column":31}},"13":{"start":{"line":23,"column":4},"end":{"line":25,"column":5}},"14":{"start":{"line":24,"column":8},"end":{"line":24,"column":null}},"15":{"start":{"line":27,"column":4},"end":{"line":33,"column":5}},"16":{"start":{"line":28,"column":24},"end":{"line":28,"column":66}},"17":{"start":{"line":29,"column":8},"end":{"line":29,"column":null}},"18":{"start":{"line":32,"column":8},"end":{"line":32,"column":null}},"19":{"start":{"line":35,"column":4},"end":{"line":35,"column":null}},"20":{"start":{"line":21,"column":13},"end":{"line":21,"column":30}}},"fnMap":{"0":{"name":"(anonymous_1)","decl":{"start":{"line":8,"column":16},"end":{"line":8,"column":17}},"loc":{"start":{"line":8,"column":31},"end":{"line":19,"column":1}}},"1":{"name":"(anonymous_2)","decl":{"start":{"line":21,"column":30},"end":{"line":21,"column":31}},"loc":{"start":{"line":21,"column":76},"end":{"line":36,"column":1}}}},"branchMap":{"0":{"loc":{"start":{"line":11,"column":4},"end":{"line":13,"column":5}},"type":"if","locations":[{"start":{"line":11,"column":4},"end":{"line":13,"column":5}}]},"1":{"loc":{"start":{"line":16,"column":4},"end":{"line":17,"column":null}},"type":"if","locations":[{"start":{"line":16,"column":4},"end":{"line":17,"column":null}}]},"2":{"loc":{"start":{"line":23,"column":4},"end":{"line":25,"column":5}},"type":"if","locations":[{"start":{"line":23,"column":4},"end":{"line":25,"column":5}}]}},"s":{"0":0,"1":0,"2":0,"3":0,"4":0,"5":0,"6":0,"7":0,"8":0,"9":0,"10":0,"11":0,"12":0,"13":0,"14":0,"15":0,"16":0,"17":0,"18":0,"19":0,"20":0},"f":{"0":0,"1":0},"b":{"0":[0],"1":[0],"2":[0]}}
,"/home/ll-kv-kirababu/Documents/Training/session-05-starter/middlewares/authorizationMiddleware.ts": {"path":"/home/ll-kv-kirababu/Documents/Training/session-05-starter/middlewares/authorizationMiddleware.ts","statementMap":{"0":{"start":{"line":3,"column":0},"end":{"line":3,"column":55}},"1":{"start":{"line":5,"column":39},"end":{"line":16,"column":1}},"2":{"start":{"line":6,"column":4},"end":{"line":15,"column":null}},"3":{"start":{"line":7,"column":19},"end":{"line":7,"column":33}},"4":{"start":{"line":8,"column":8},"end":{"line":8,"column":null}},"5":{"start":{"line":9,"column":8},"end":{"line":11,"column":9}},"6":{"start":{"line":10,"column":12},"end":{"line":10,"column":null}},"7":{"start":{"line":13,"column":8},"end":{"line":13,"column":null}},"8":{"start":{"line":5,"column":13},"end":{"line":5,"column":39}}},"fnMap":{"0":{"name":"(anonymous_1)","decl":{"start":{"line":5,"column":39},"end":{"line":5,"column":40}},"loc":{"start":{"line":5,"column":70},"end":{"line":16,"column":1}}},"1":{"name":"(anonymous_2)","decl":{"start":{"line":6,"column":11},"end":{"line":6,"column":12}},"loc":{"start":{"line":6,"column":57},"end":{"line":15,"column":5}}}},"branchMap":{"0":{"loc":{"start":{"line":7,"column":19},"end":{"line":7,"column":33}},"type":"cond-expr","locations":[{"start":{"line":7,"column":27},"end":{"line":7,"column":29}},{"start":{"line":7,"column":27},"end":{"line":7,"column":33}}]},"1":{"loc":{"start":{"line":7,"column":19},"end":{"line":7,"column":29}},"type":"binary-expr","locations":[{"start":{"line":7,"column":19},"end":{"line":7,"column":29}},{"start":{"line":7,"column":27},"end":{"line":7,"column":29}}]},"2":{"loc":{"start":{"line":9,"column":8},"end":{"line":11,"column":9}},"type":"if","locations":[{"start":{"line":9,"column":8},"end":{"line":11,"column":9}}]}},"s":{"0":0,"1":0,"2":0,"3":0,"4":0,"5":0,"6":0,"7":0,"8":0},"f":{"0":0,"1":0},"b":{"0":[0,0],"1":[0,0],"2":[0]}}
,"/home/ll-kv-kirababu/Documents/Training/session-05-starter/middlewares/errorMiddleware.ts": {"path":"/home/ll-kv-kirababu/Documents/Training/session-05-starter/middlewares/errorMiddleware.ts","statementMap":{"0":{"start":{"line":2,"column":0},"end":{"line":2,"column":55}},"1":{"start":{"line":4,"column":31},"end":{"line":18,"column":1}},"2":{"start":{"line":5,"column":4},"end":{"line":17,"column":5}},"3":{"start":{"line":6,"column":8},"end":{"line":14,"column":9}},"4":{"start":{"line":7,"column":34},"end":{"line":7,"column":53}},"5":{"start":{"line":8,"column":33},"end":{"line":8,"column":72}},"6":{"start":{"line":9,"column":24},"end":{"line":9,"column":41}},"7":{"start":{"line":10,"column":12},"end":{"line":10,"column":null}},"8":{"start":{"line":12,"column":12},"end":{"line":12,"column":39}},"9":{"start":{"line":13,"column":12},"end":{"line":13,"column":null}},"10":{"start":{"line":16,"column":8},"end":{"line":16,"column":null}},"11":{"start":{"line":4,"column":13},"end":{"line":4,"column":31}},"12":{"start":{"line":20,"column":0},"end":{"line":20,"column":null}}},"fnMap":{"0":{"name":"(anonymous_1)","decl":{"start":{"line":4,"column":31},"end":{"line":4,"column":32}},"loc":{"start":{"line":4,"column":89},"end":{"line":18,"column":1}}}},"branchMap":{"0":{"loc":{"start":{"line":6,"column":8},"end":{"line":14,"column":9}},"type":"if","locations":[{"start":{"line":6,"column":8},"end":{"line":14,"column":9}},{"start":{"line":11,"column":13},"end":{"line":14,"column":9}}]},"1":{"loc":{"start":{"line":7,"column":34},"end":{"line":7,"column":53}},"type":"binary-expr","locations":[{"start":{"line":7,"column":34},"end":{"line":7,"column":46}},{"start":{"line":7,"column":50},"end":{"line":7,"column":53}}]},"2":{"loc":{"start":{"line":8,"column":33},"end":{"line":8,"column":72}},"type":"binary-expr","locations":[{"start":{"line":8,"column":33},"end":{"line":8,"column":46}},{"start":{"line":8,"column":50},"end":{"line":8,"column":72}}]}},"s":{"0":0,"1":0,"2":0,"3":0,"4":0,"5":0,"6":0,"7":0,"8":0,"9":0,"10":0,"11":0,"12":0},"f":{"0":0},"b":{"0":[0,0],"1":[0,0],"2":[0,0]}}
,"/home/ll-kv-kirababu/Documents/Training/session-05-starter/middlewares/loggerMiddleware.ts": {"path":"/home/ll-kv-kirababu/Documents/Training/session-05-starter/middlewares/loggerMiddleware.ts","statementMap":{"0":{"start":{"line":1,"column":25},"end":{"line":9,"column":1}},"1":{"start":{"line":2,"column":2},"end":{"line":6,"column":5}},"2":{"start":{"line":3,"column":4},"end":{"line":5,"column":6}},"3":{"start":{"line":8,"column":2},"end":{"line":8,"column":9}},"4":{"start":{"line":11,"column":0},"end":{"line":11,"column":32}}},"fnMap":{"0":{"name":"(anonymous_0)","decl":{"start":{"line":1,"column":25},"end":{"line":1,"column":26}},"loc":{"start":{"line":1,"column":44},"end":{"line":9,"column":1}}},"1":{"name":"(anonymous_1)","decl":{"start":{"line":2,"column":19},"end":{"line":2,"column":22}},"loc":{"start":{"line":2,"column":24},"end":{"line":6,"column":3}}}},"branchMap":{},"s":{"0":0,"1":0,"2":0,"3":0,"4":0},"f":{"0":0,"1":0},"b":{}}
,"/home/ll-kv-kirababu/Documents/Training/session-05-starter/middlewares/processTimeMiddleware.ts": {"path":"/home/ll-kv-kirababu/Documents/Training/session-05-starter/middlewares/processTimeMiddleware.ts","statementMap":{"0":{"start":{"line":1,"column":37},"end":{"line":10,"column":1}},"1":{"start":{"line":2,"column":20},"end":{"line":2,"column":30}},"2":{"start":{"line":3,"column":14},"end":{"line":3,"column":21}},"3":{"start":{"line":4,"column":2},"end":{"line":8,"column":4}},"4":{"start":{"line":5,"column":24},"end":{"line":5,"column":46}},"5":{"start":{"line":6,"column":4},"end":{"line":6,"column":49}},"6":{"start":{"line":7,"column":4},"end":{"line":7,"column":35}},"7":{"start":{"line":9,"column":2},"end":{"line":9,"column":9}},"8":{"start":{"line":1,"column":13},"end":{"line":1,"column":37}},"9":{"start":{"line":12,"column":0},"end":{"line":12,"column":37}}},"fnMap":{"0":{"name":"(anonymous_0)","decl":{"start":{"line":1,"column":37},"end":{"line":1,"column":38}},"loc":{"start":{"line":1,"column":56},"end":{"line":10,"column":1}}},"1":{"name":"(anonymous_1)","decl":{"start":{"line":4,"column":12},"end":{"line":4,"column":22}},"loc":{"start":{"line":4,"column":37},"end":{"line":8,"column":3}}}},"branchMap":{},"s":{"0":0,"1":0,"2":0,"3":0,"4":0,"5":0,"6":0,"7":0,"8":0,"9":0},"f":{"0":0,"1":0},"b":{}}
,"/home/ll-kv-kirababu/Documents/Training/session-05-starter/repositories/department.repository.ts": {"path":"/home/ll-kv-kirababu/Documents/Training/session-05-starter/repositories/department.repository.ts","statementMap":{"0":{"start":{"line":6,"column":22},"end":{"line":6,"column":55}},"1":{"start":{"line":9,"column":4},"end":{"line":9,"column":null}},"2":{"start":{"line":13,"column":4},"end":{"line":13,"column":null}},"3":{"start":{"line":17,"column":4},"end":{"line":17,"column":null}},"4":{"start":{"line":21,"column":4},"end":{"line":21,"column":null}},"5":{"start":{"line":25,"column":4},"end":{"line":25,"column":null}},"6":{"start":{"line":30,"column":0},"end":{"line":30,"column":36}}},"fnMap":{"0":{"name":"(anonymous_7)","decl":{"start":{"line":6,"column":2},"end":{"line":6,"column":22}},"loc":{"start":{"line":6,"column":55},"end":{"line":6,"column":58}}},"1":{"name":"(anonymous_8)","decl":{"start":{"line":8,"column":8},"end":{"line":8,"column":14}},"loc":{"start":{"line":8,"column":36},"end":{"line":10,"column":null}}},"2":{"name":"(anonymous_10)","decl":{"start":{"line":12,"column":8},"end":{"line":12,"column":15}},"loc":{"start":{"line":12,"column":15},"end":{"line":14,"column":null}}},"3":{"name":"(anonymous_12)","decl":{"start":{"line":16,"column":8},"end":{"line":16,"column":16}},"loc":{"start":{"line":16,"column":26},"end":{"line":18,"column":null}}},"4":{"name":"(anonymous_14)","decl":{"start":{"line":20,"column":8},"end":{"line":20,"column":14}},"loc":{"start":{"line":20,"column":46},"end":{"line":22,"column":null}}},"5":{"name":"(anonymous_16)","decl":{"start":{"line":24,"column":8},"end":{"line":24,"column":14}},"loc":{"start":{"line":24,"column":24},"end":{"line":26,"column":null}}}},"branchMap":{},"s":{"0":0,"1":0,"2":0,"3":0,"4":0,"5":0,"6":0},"f":{"0":0,"1":0,"2":0,"3":0,"4":0,"5":0},"b":{}}
,"/home/ll-kv-kirababu/Documents/Training/session-05-starter/repositories/employee.repository.ts": {"path":"/home/ll-kv-kirababu/Documents/Training/session-05-starter/repositories/employee.repository.ts","statementMap":{"0":{"start":{"line":6,"column":24},"end":{"line":6,"column":56}},"1":{"start":{"line":9,"column":8},"end":{"line":9,"column":46}},"2":{"start":{"line":13,"column":8},"end":{"line":17,"column":null}},"3":{"start":{"line":21,"column":8},"end":{"line":21,"column":null}},"4":{"start":{"line":25,"column":8},"end":{"line":25,"column":null}},"5":{"start":{"line":29,"column":8},"end":{"line":29,"column":null}},"6":{"start":{"line":33,"column":8},"end":{"line":33,"column":null}},"7":{"start":{"line":37,"column":8},"end":{"line":37,"column":null}},"8":{"start":{"line":45,"column":1},"end":{"line":45,"column":null}}},"fnMap":{"0":{"name":"(anonymous_7)","decl":{"start":{"line":6,"column":4},"end":{"line":6,"column":24}},"loc":{"start":{"line":6,"column":56},"end":{"line":6,"column":59}}},"1":{"name":"(anonymous_8)","decl":{"start":{"line":8,"column":10},"end":{"line":8,"column":16}},"loc":{"start":{"line":8,"column":34},"end":{"line":10,"column":null}}},"2":{"name":"(anonymous_10)","decl":{"start":{"line":12,"column":10},"end":{"line":12,"column":17}},"loc":{"start":{"line":12,"column":17},"end":{"line":18,"column":null}}},"3":{"name":"(anonymous_12)","decl":{"start":{"line":20,"column":10},"end":{"line":20,"column":18}},"loc":{"start":{"line":20,"column":28},"end":{"line":22,"column":null}}},"4":{"name":"(anonymous_14)","decl":{"start":{"line":24,"column":10},"end":{"line":24,"column":21}},"loc":{"start":{"line":24,"column":34},"end":{"line":26,"column":null}}},"5":{"name":"(anonymous_16)","decl":{"start":{"line":28,"column":10},"end":{"line":28,"column":16}},"loc":{"start":{"line":28,"column":44},"end":{"line":30,"column":null}}},"6":{"name":"(anonymous_18)","decl":{"start":{"line":32,"column":10},"end":{"line":32,"column":16}},"loc":{"start":{"line":32,"column":26},"end":{"line":34,"column":null}}},"7":{"name":"(anonymous_20)","decl":{"start":{"line":36,"column":10},"end":{"line":36,"column":16}},"loc":{"start":{"line":36,"column":34},"end":{"line":38,"column":null}}}},"branchMap":{},"s":{"0":1,"1":1,"2":1,"3":0,"4":0,"5":0,"6":0,"7":0,"8":1},"f":{"0":1,"1":1,"2":1,"3":0,"4":0,"5":0,"6":0,"7":0},"b":{}}
,"/home/ll-kv-kirababu/Documents/Training/session-05-starter/routes/auth.routes.ts": {"path":"/home/ll-kv-kirababu/Documents/Training/session-05-starter/routes/auth.routes.ts","statementMap":{"0":{"start":{"line":1,"column":0},"end":{"line":1,"column":33}},"1":{"start":{"line":2,"column":0},"end":{"line":2,"column":55}},"2":{"start":{"line":7,"column":0},"end":{"line":7,"column":64}},"3":{"start":{"line":8,"column":0},"end":{"line":8,"column":52}},"4":{"start":{"line":12,"column":18},"end":{"line":12,"column":26}},"5":{"start":{"line":15,"column":18},"end":{"line":15,"column":50}},"6":{"start":{"line":16,"column":0},"end":{"line":16,"column":null}},"7":{"start":{"line":18,"column":0},"end":{"line":18,"column":null}}},"fnMap":{},"branchMap":{},"s":{"0":0,"1":0,"2":0,"3":0,"4":0,"5":0,"6":0,"7":0},"f":{},"b":{}}
,"/home/ll-kv-kirababu/Documents/Training/session-05-starter/routes/department.router.ts": {"path":"/home/ll-kv-kirababu/Documents/Training/session-05-starter/routes/department.router.ts","statementMap":{"0":{"start":{"line":2,"column":0},"end":{"line":2,"column":29}},"1":{"start":{"line":4,"column":0},"end":{"line":4,"column":43}},"2":{"start":{"line":6,"column":0},"end":{"line":6,"column":73}},"3":{"start":{"line":7,"column":0},"end":{"line":7,"column":63}},"4":{"start":{"line":8,"column":0},"end":{"line":8,"column":73}},"5":{"start":{"line":9,"column":0},"end":{"line":9,"column":55}},"6":{"start":{"line":11,"column":23},"end":{"line":11,"column":39}},"7":{"start":{"line":13,"column":28},"end":{"line":13,"column":90}},"8":{"start":{"line":14,"column":26},"end":{"line":14,"column":69}},"9":{"start":{"line":15,"column":29},"end":{"line":15,"column":89}},"10":{"start":{"line":17,"column":0},"end":{"line":17,"column":null}}},"fnMap":{},"branchMap":{},"s":{"0":0,"1":0,"2":0,"3":0,"4":0,"5":0,"6":0,"7":0,"8":0,"9":0,"10":0},"f":{},"b":{}}
,"/home/ll-kv-kirababu/Documents/Training/session-05-starter/routes/employee.router.ts": {"path":"/home/ll-kv-kirababu/Documents/Training/session-05-starter/routes/employee.router.ts","statementMap":{"0":{"start":{"line":2,"column":0},"end":{"line":2,"column":29}},"1":{"start":{"line":3,"column":0},"end":{"line":3,"column":69}},"2":{"start":{"line":4,"column":0},"end":{"line":4,"column":43}},"3":{"start":{"line":5,"column":0},"end":{"line":5,"column":51}},"4":{"start":{"line":6,"column":0},"end":{"line":6,"column":59}},"5":{"start":{"line":7,"column":0},"end":{"line":7,"column":69}},"6":{"start":{"line":8,"column":0},"end":{"line":8,"column":63}},"7":{"start":{"line":9,"column":0},"end":{"line":9,"column":73}},"8":{"start":{"line":10,"column":0},"end":{"line":10,"column":55}},"9":{"start":{"line":12,"column":21},"end":{"line":12,"column":37}},"10":{"start":{"line":14,"column":26},"end":{"line":14,"column":84}},"11":{"start":{"line":15,"column":28},"end":{"line":15,"column":90}},"12":{"start":{"line":16,"column":26},"end":{"line":16,"column":69}},"13":{"start":{"line":18,"column":24},"end":{"line":18,"column":81}},"14":{"start":{"line":21,"column":8},"end":{"line":21,"column":23}},"15":{"start":{"line":19,"column":27},"end":{"line":19,"column":81}},"16":{"start":{"line":23,"column":0},"end":{"line":23,"column":null}}},"fnMap":{},"branchMap":{},"s":{"0":0,"1":0,"2":0,"3":0,"4":0,"5":0,"6":0,"7":0,"8":0,"9":0,"10":0,"11":0,"12":0,"13":0,"14":0,"15":0,"16":0},"f":{},"b":{}}
,"/home/ll-kv-kirababu/Documents/Training/session-05-starter/services/airbag.service.ts": {"path":"/home/ll-kv-kirababu/Documents/Training/session-05-starter/services/airbag.service.ts","statementMap":{"0":{"start":{"line":39,"column":14},"end":{"line":39,"column":33}},"1":{"start":{"line":40,"column":14},"end":{"line":40,"column":36}},"2":{"start":{"line":48,"column":6},"end":{"line":53,"column":7}},"3":{"start":{"line":49,"column":22},"end":{"line":49,"column":43}},"4":{"start":{"line":50,"column":23},"end":{"line":50,"column":45}},"5":{"start":{"line":51,"column":8},"end":{"line":51,"column":44}},"6":{"start":{"line":52,"column":8},"end":{"line":52,"column":50}},"7":{"start":{"line":54,"column":6},"end":{"line":54,"column":34}},"8":{"start":{"line":62,"column":6},"end":{"line":62,"column":17}},"9":{"start":{"line":70,"column":6},"end":{"line":70,"column":16}},"10":{"start":{"line":37,"column":2},"end":{"line":37,"column":15}}},"fnMap":{"0":{"name":"(anonymous_0)","decl":{"start":{"line":38,"column":4},"end":{"line":38,"column":null}},"loc":{"start":{"line":40,"column":36},"end":{"line":41,"column":8}}},"1":{"name":"(anonymous_1)","decl":{"start":{"line":47,"column":4},"end":{"line":47,"column":16}},"loc":{"start":{"line":47,"column":16},"end":{"line":55,"column":5}}},"2":{"name":"(anonymous_2)","decl":{"start":{"line":60,"column":12},"end":{"line":60,"column":26}},"loc":{"start":{"line":60,"column":26},"end":{"line":63,"column":5}}},"3":{"name":"(anonymous_3)","decl":{"start":{"line":68,"column":12},"end":{"line":68,"column":27}},"loc":{"start":{"line":68,"column":27},"end":{"line":71,"column":5}}}},"branchMap":{"0":{"loc":{"start":{"line":48,"column":6},"end":{"line":53,"column":7}},"type":"if","locations":[{"start":{"line":48,"column":6},"end":{"line":53,"column":7}}]}},"s":{"0":2,"1":2,"2":2,"3":1,"4":1,"5":1,"6":1,"7":1,"8":1,"9":1,"10":1},"f":{"0":2,"1":2,"2":1,"3":1},"b":{"0":[1]}}
,"/home/ll-kv-kirababu/Documents/Training/session-05-starter/services/auth.service.ts": {"path":"/home/ll-kv-kirababu/Documents/Training/session-05-starter/services/auth.service.ts","statementMap":{"0":{"start":{"line":2,"column":0},"end":{"line":2,"column":54}},"1":{"start":{"line":3,"column":0},"end":{"line":3,"column":62}},"2":{"start":{"line":5,"column":0},"end":{"line":5,"column":28}},"3":{"start":{"line":6,"column":0},"end":{"line":6,"column":30}},"4":{"start":{"line":9,"column":21},"end":{"line":9,"column":52}},"5":{"start":{"line":13,"column":19},"end":{"line":13,"column":71}},"6":{"start":{"line":14,"column":4},"end":{"line":16,"column":5}},"7":{"start":{"line":15,"column":8},"end":{"line":15,"column":null}},"8":{"start":{"line":17,"column":26},"end":{"line":17,"column":74}},"9":{"start":{"line":18,"column":4},"end":{"line":20,"column":5}},"10":{"start":{"line":19,"column":8},"end":{"line":19,"column":null}},"11":{"start":{"line":22,"column":30},"end":{"line":26,"column":null}},"12":{"start":{"line":28,"column":17},"end":{"line":28,"column":70}},"13":{"start":{"line":29,"column":4},"end":{"line":32,"column":null}},"14":{"start":{"line":8,"column":0},"end":{"line":8,"column":13}}},"fnMap":{"0":{"name":"(anonymous_8)","decl":{"start":{"line":9,"column":1},"end":{"line":9,"column":21}},"loc":{"start":{"line":9,"column":52},"end":{"line":10,"column":2}}},"1":{"name":"(anonymous_9)","decl":{"start":{"line":12,"column":7},"end":{"line":12,"column":12}},"loc":{"start":{"line":12,"column":41},"end":{"line":34,"column":null}}}},"branchMap":{"0":{"loc":{"start":{"line":14,"column":4},"end":{"line":16,"column":5}},"type":"if","locations":[{"start":{"line":14,"column":4},"end":{"line":16,"column":5}}]},"1":{"loc":{"start":{"line":18,"column":4},"end":{"line":20,"column":5}},"type":"if","locations":[{"start":{"line":18,"column":4},"end":{"line":20,"column":5}}]}},"s":{"0":0,"1":0,"2":0,"3":0,"4":0,"5":0,"6":0,"7":0,"8":0,"9":0,"10":0,"11":0,"12":0,"13":0,"14":0},"f":{"0":0,"1":0},"b":{"0":[0],"1":[0]}}
,"/home/ll-kv-kirababu/Documents/Training/session-05-starter/services/department.service.ts": {"path":"/home/ll-kv-kirababu/Documents/Training/session-05-starter/services/department.service.ts","statementMap":{"0":{"start":{"line":1,"column":0},"end":{"line":1,"column":55}},"1":{"start":{"line":8,"column":24},"end":{"line":8,"column":65}},"2":{"start":{"line":11,"column":22},"end":{"line":11,"column":38}},"3":{"start":{"line":13,"column":8},"end":{"line":13,"column":null}},"4":{"start":{"line":15,"column":8},"end":{"line":15,"column":null}},"5":{"start":{"line":20,"column":8},"end":{"line":20,"column":null}},"6":{"start":{"line":24,"column":8},"end":{"line":24,"column":null}},"7":{"start":{"line":28,"column":33},"end":{"line":28,"column":77}},"8":{"start":{"line":29,"column":8},"end":{"line":33,"column":9}},"9":{"start":{"line":30,"column":12},"end":{"line":30,"column":null}},"10":{"start":{"line":32,"column":12},"end":{"line":32,"column":null}},"11":{"start":{"line":37,"column":8},"end":{"line":37,"column":null}},"12":{"start":{"line":48,"column":0},"end":{"line":48,"column":null}}},"fnMap":{"0":{"name":"(anonymous_8)","decl":{"start":{"line":8,"column":4},"end":{"line":8,"column":24}},"loc":{"start":{"line":8,"column":65},"end":{"line":8,"column":68}}},"1":{"name":"(anonymous_9)","decl":{"start":{"line":10,"column":10},"end":{"line":10,"column":26}},"loc":{"start":{"line":10,"column":38},"end":{"line":17,"column":null}}},"2":{"name":"(anonymous_11)","decl":{"start":{"line":19,"column":10},"end":{"line":19,"column":27}},"loc":{"start":{"line":19,"column":27},"end":{"line":21,"column":null}}},"3":{"name":"(anonymous_13)","decl":{"start":{"line":23,"column":10},"end":{"line":23,"column":27}},"loc":{"start":{"line":23,"column":37},"end":{"line":25,"column":null}}},"4":{"name":"(anonymous_15)","decl":{"start":{"line":27,"column":10},"end":{"line":27,"column":26}},"loc":{"start":{"line":27,"column":48},"end":{"line":34,"column":null}}},"5":{"name":"(anonymous_17)","decl":{"start":{"line":36,"column":10},"end":{"line":36,"column":26}},"loc":{"start":{"line":36,"column":36},"end":{"line":38,"column":null}}}},"branchMap":{"0":{"loc":{"start":{"line":29,"column":8},"end":{"line":33,"column":9}},"type":"if","locations":[{"start":{"line":29,"column":8},"end":{"line":33,"column":9}}]},"1":{"loc":{"start":{"line":30,"column":36},"end":{"line":30,"column":67}},"type":"binary-expr","locations":[{"start":{"line":30,"column":36},"end":{"line":30,"column":40}},{"start":{"line":30,"column":44},"end":{"line":30,"column":67}}]}},"s":{"0":0,"1":0,"2":0,"3":0,"4":0,"5":0,"6":0,"7":0,"8":0,"9":0,"10":0,"11":0,"12":0},"f":{"0":0,"1":0,"2":0,"3":0,"4":0,"5":0},"b":{"0":[0],"1":[0,0]}}
,"/home/ll-kv-kirababu/Documents/Training/session-05-starter/services/employee.service.ts": {"path":"/home/ll-kv-kirababu/Documents/Training/session-05-starter/services/employee.service.ts","statementMap":{"0":{"start":{"line":2,"column":0},"end":{"line":2,"column":49}},"1":{"start":{"line":3,"column":0},"end":{"line":3,"column":51}},"2":{"start":{"line":5,"column":0},"end":{"line":5,"column":27}},"3":{"start":{"line":6,"column":0},"end":{"line":6,"column":48}},"4":{"start":{"line":14,"column":24},"end":{"line":14,"column":62}},"5":{"start":{"line":14,"column":72},"end":{"line":14,"column":108}},"6":{"start":{"line":13,"column":12},"end":{"line":13,"column":null}},"7":{"start":{"line":19,"column":123},"end":{"line":19,"column":140}},"8":{"start":{"line":21,"column":27},"end":{"line":21,"column":40}},"9":{"start":{"line":22,"column":8},"end":{"line":22,"column":null}},"10":{"start":{"line":23,"column":8},"end":{"line":23,"column":null}},"11":{"start":{"line":24,"column":8},"end":{"line":24,"column":null}},"12":{"start":{"line":25,"column":8},"end":{"line":25,"column":null}},"13":{"start":{"line":26,"column":28},"end":{"line":26,"column":42}},"14":{"start":{"line":27,"column":8},"end":{"line":27,"column":null}},"15":{"start":{"line":28,"column":8},"end":{"line":28,"column":null}},"16":{"start":{"line":29,"column":8},"end":{"line":29,"column":null}},"17":{"start":{"line":30,"column":8},"end":{"line":31,"column":null}},"18":{"start":{"line":32,"column":8},"end":{"line":32,"column":null}},"19":{"start":{"line":33,"column":8},"end":{"line":33,"column":null}},"20":{"start":{"line":34,"column":8},"end":{"line":34,"column":null}},"21":{"start":{"line":35,"column":8},"end":{"line":35,"column":null}},"22":{"start":{"line":36,"column":8},"end":{"line":36,"column":null}},"23":{"start":{"line":37,"column":27},"end":{"line":37,"column":87}},"24":{"start":{"line":38,"column":8},"end":{"line":38,"column":null}},"25":{"start":{"line":41,"column":8},"end":{"line":41,"column":null}},"26":{"start":{"line":45,"column":8},"end":{"line":45,"column":null}},"27":{"start":{"line":49,"column":23},"end":{"line":49,"column":65}},"28":{"start":{"line":50,"column":8},"end":{"line":52,"column":9}},"29":{"start":{"line":51,"column":12},"end":{"line":51,"column":50}},"30":{"start":{"line":53,"column":8},"end":{"line":53,"column":24}},"31":{"start":{"line":58,"column":8},"end":{"line":58,"column":null}},"32":{"start":{"line":62,"column":33},"end":{"line":62,"column":93}},"33":{"start":{"line":64,"column":8},"end":{"line":66,"column":9}},"34":{"start":{"line":65,"column":12},"end":{"line":65,"column":50}},"35":{"start":{"line":68,"column":19},"end":{"line":68,"column":39}},"36":{"start":{"line":69,"column":103},"end":{"line":69,"column":120}},"37":{"start":{"line":70,"column":8},"end":{"line":70,"column":61}},"38":{"start":{"line":70,"column":32},"end":{"line":70,"column":61}},"39":{"start":{"line":71,"column":8},"end":{"line":71,"column":64}},"40":{"start":{"line":71,"column":33},"end":{"line":71,"column":64}},"41":{"start":{"line":72,"column":8},"end":{"line":72,"column":61}},"42":{"start":{"line":72,"column":32},"end":{"line":72,"column":61}},"43":{"start":{"line":73,"column":8},"end":{"line":73,"column":79}},"44":{"start":{"line":73,"column":38},"end":{"line":73,"column":79}},"45":{"start":{"line":74,"column":8},"end":{"line":74,"column":58}},"46":{"start":{"line":74,"column":31},"end":{"line":74,"column":58}},"47":{"start":{"line":75,"column":8},"end":{"line":75,"column":79}},"48":{"start":{"line":75,"column":38},"end":{"line":75,"column":79}},"49":{"start":{"line":76,"column":8},"end":{"line":76,"column":67}},"50":{"start":{"line":76,"column":34},"end":{"line":76,"column":67}},"51":{"start":{"line":77,"column":8},"end":{"line":77,"column":88}},"52":{"start":{"line":77,"column":41},"end":{"line":77,"column":88}},"53":{"start":{"line":79,"column":8},"end":{"line":82,"column":5}},"54":{"start":{"line":80,"column":27},"end":{"line":80,"column":87}},"55":{"start":{"line":81,"column":8},"end":{"line":81,"column":49}},"56":{"start":{"line":84,"column":8},"end":{"line":84,"column":null}},"57":{"start":{"line":85,"column":8},"end":{"line":85,"column":32}},"58":{"start":{"line":90,"column":25},"end":{"line":90,"column":67}},"59":{"start":{"line":91,"column":8},"end":{"line":93,"column":9}},"60":{"start":{"line":92,"column":12},"end":{"line":92,"column":null}},"61":{"start":{"line":100,"column":0},"end":{"line":100,"column":null}}},"fnMap":{"0":{"name":"(anonymous_8)","decl":{"start":{"line":14,"column":4},"end":{"line":14,"column":24}},"loc":{"start":{"line":14,"column":108},"end":{"line":15,"column":5}}},"1":{"name":"(anonymous_9)","decl":{"start":{"line":17,"column":10},"end":{"line":17,"column":24}},"loc":{"start":{"line":17,"column":61},"end":{"line":42,"column":null}}},"2":{"name":"(anonymous_11)","decl":{"start":{"line":44,"column":10},"end":{"line":44,"column":25}},"loc":{"start":{"line":44,"column":25},"end":{"line":46,"column":null}}},"3":{"name":"(anonymous_13)","decl":{"start":{"line":48,"column":10},"end":{"line":48,"column":25}},"loc":{"start":{"line":48,"column":36},"end":{"line":55,"column":null}}},"4":{"name":"(anonymous_15)","decl":{"start":{"line":57,"column":10},"end":{"line":57,"column":28}},"loc":{"start":{"line":57,"column":42},"end":{"line":59,"column":null}}},"5":{"name":"(anonymous_17)","decl":{"start":{"line":61,"column":10},"end":{"line":61,"column":24}},"loc":{"start":{"line":61,"column":61},"end":{"line":87,"column":null}}},"6":{"name":"(anonymous_19)","decl":{"start":{"line":89,"column":10},"end":{"line":89,"column":24}},"loc":{"start":{"line":89,"column":35},"end":{"line":96,"column":null}}}},"branchMap":{"0":{"loc":{"start":{"line":50,"column":8},"end":{"line":52,"column":9}},"type":"if","locations":[{"start":{"line":50,"column":8},"end":{"line":52,"column":9}}]},"1":{"loc":{"start":{"line":64,"column":8},"end":{"line":66,"column":9}},"type":"if","locations":[{"start":{"line":64,"column":8},"end":{"line":66,"column":9}}]},"2":{"loc":{"start":{"line":70,"column":8},"end":{"line":70,"column":61}},"type":"if","locations":[{"start":{"line":70,"column":8},"end":{"line":70,"column":61}}]},"3":{"loc":{"start":{"line":71,"column":8},"end":{"line":71,"column":64}},"type":"if","locations":[{"start":{"line":71,"column":8},"end":{"line":71,"column":64}}]},"4":{"loc":{"start":{"line":72,"column":8},"end":{"line":72,"column":61}},"type":"if","locations":[{"start":{"line":72,"column":8},"end":{"line":72,"column":61}}]},"5":{"loc":{"start":{"line":73,"column":8},"end":{"line":73,"column":79}},"type":"if","locations":[{"start":{"line":73,"column":8},"end":{"line":73,"column":79}}]},"6":{"loc":{"start":{"line":74,"column":8},"end":{"line":74,"column":58}},"type":"if","locations":[{"start":{"line":74,"column":8},"end":{"line":74,"column":58}}]},"7":{"loc":{"start":{"line":75,"column":8},"end":{"line":75,"column":79}},"type":"if","locations":[{"start":{"line":75,"column":8},"end":{"line":75,"column":79}}]},"8":{"loc":{"start":{"line":76,"column":8},"end":{"line":76,"column":67}},"type":"if","locations":[{"start":{"line":76,"column":8},"end":{"line":76,"column":67}}]},"9":{"loc":{"start":{"line":77,"column":8},"end":{"line":77,"column":88}},"type":"if","locations":[{"start":{"line":77,"column":8},"end":{"line":77,"column":88}}]},"10":{"loc":{"start":{"line":79,"column":8},"end":{"line":82,"column":5}},"type":"if","locations":[{"start":{"line":79,"column":8},"end":{"line":82,"column":5}}]},"11":{"loc":{"start":{"line":91,"column":8},"end":{"line":93,"column":9}},"type":"if","locations":[{"start":{"line":91,"column":8},"end":{"line":93,"column":9}}]}},"s":{"0":1,"1":1,"2":1,"3":1,"4":8,"5":8,"6":8,"7":1,"8":1,"9":1,"10":1,"11":1,"12":1,"13":1,"14":1,"15":1,"16":1,"17":1,"18":1,"19":1,"20":1,"21":1,"22":1,"23":1,"24":1,"25":1,"26":1,"27":2,"28":2,"29":1,"30":1,"31":0,"32":2,"33":2,"34":1,"35":1,"36":1,"37":1,"38":1,"39":1,"40":0,"41":1,"42":1,"43":1,"44":0,"45":1,"46":0,"47":1,"48":0,"49":1,"50":0,"51":1,"52":0,"53":1,"54":0,"55":0,"56":1,"57":1,"58":2,"59":2,"60":1,"61":1},"f":{"0":8,"1":1,"2":1,"3":2,"4":0,"5":2,"6":2},"b":{"0":[1],"1":[1],"2":[1],"3":[0],"4":[1],"5":[0],"6":[0],"7":[0],"8":[0],"9":[0],"10":[0],"11":[1]}}
,"/home/ll-kv-kirababu/Documents/Training/session-05-starter/services/loggerservice.ts": {"path":"/home/ll-kv-kirababu/Documents/Training/session-05-starter/services/loggerservice.ts","statementMap":{"0":{"start":{"line":1,"column":0},"end":{"line":1,"column":68}},"1":{"start":{"line":9,"column":4},"end":{"line":9,"column":61}},"2":{"start":{"line":10,"column":4},"end":{"line":10,"column":27}},"3":{"start":{"line":19,"column":4},"end":{"line":19,"column":56}},"4":{"start":{"line":20,"column":4},"end":{"line":20,"column":34}},"5":{"start":{"line":24,"column":22},"end":{"line":25,"column":null}},"6":{"start":{"line":25,"column":16},"end":{"line":25,"column":67}},"7":{"start":{"line":27,"column":26},"end":{"line":35,"column":6}},"8":{"start":{"line":36,"column":4},"end":{"line":39,"column":7}},"9":{"start":{"line":43,"column":23},"end":{"line":43,"column":35}},"10":{"start":{"line":45,"column":6},"end":{"line":47,"column":17}},"11":{"start":{"line":48,"column":4},"end":{"line":51,"column":6}},"12":{"start":{"line":62,"column":4},"end":{"line":62,"column":37}},"13":{"start":{"line":66,"column":4},"end":{"line":66,"column":36}},"14":{"start":{"line":70,"column":4},"end":{"line":70,"column":37}},"15":{"start":{"line":74,"column":4},"end":{"line":74,"column":36}},"16":{"start":{"line":3,"column":0},"end":{"line":3,"column":13}}},"fnMap":{"0":{"name":"(anonymous_0)","decl":{"start":{"line":8,"column":2},"end":{"line":8,"column":14}},"loc":{"start":{"line":8,"column":29},"end":{"line":11,"column":3}}},"1":{"name":"(anonymous_1)","decl":{"start":{"line":18,"column":9},"end":{"line":18,"column":15}},"loc":{"start":{"line":18,"column":43},"end":{"line":21,"column":3}}},"2":{"name":"(anonymous_2)","decl":{"start":{"line":23,"column":10},"end":{"line":23,"column":16}},"loc":{"start":{"line":23,"column":36},"end":{"line":40,"column":3}}},"3":{"name":"(anonymous_3)","decl":{"start":{"line":25,"column":6},"end":{"line":25,"column":7}},"loc":{"start":{"line":25,"column":16},"end":{"line":25,"column":67}}},"4":{"name":"(anonymous_4)","decl":{"start":{"line":42,"column":10},"end":{"line":42,"column":19}},"loc":{"start":{"line":42,"column":50},"end":{"line":52,"column":3}}},"5":{"name":"(anonymous_5)","decl":{"start":{"line":61,"column":2},"end":{"line":61,"column":7}},"loc":{"start":{"line":61,"column":20},"end":{"line":63,"column":3}}},"6":{"name":"(anonymous_6)","decl":{"start":{"line":65,"column":2},"end":{"line":65,"column":6}},"loc":{"start":{"line":65,"column":19},"end":{"line":67,"column":3}}},"7":{"name":"(anonymous_7)","decl":{"start":{"line":69,"column":2},"end":{"line":69,"column":7}},"loc":{"start":{"line":69,"column":20},"end":{"line":71,"column":3}}},"8":{"name":"(anonymous_8)","decl":{"start":{"line":73,"column":2},"end":{"line":73,"column":6}},"loc":{"start":{"line":73,"column":19},"end":{"line":75,"column":3}}}},"branchMap":{"0":{"loc":{"start":{"line":45,"column":6},"end":{"line":47,"column":17}},"type":"cond-expr","locations":[{"start":{"line":46,"column":10},"end":{"line":46,"column":42}},{"start":{"line":47,"column":10},"end":{"line":47,"column":17}}]},"1":{"loc":{"start":{"line":45,"column":6},"end":{"line":45,"column":44}},"type":"binary-expr","locations":[{"start":{"line":45,"column":6},"end":{"line":45,"column":33}},{"start":{"line":45,"column":37},"end":{"line":45,"column":44}}]}},"s":{"0":1,"1":8,"2":8,"3":8,"4":8,"5":8,"6":0,"7":8,"8":8,"9":0,"10":0,"11":0,"12":0,"13":0,"14":0,"15":0,"16":1},"f":{"0":8,"1":8,"2":8,"3":0,"4":0,"5":0,"6":0,"7":0,"8":0},"b":{"0":[0,0],"1":[0,0]}}
,"/home/ll-kv-kirababu/Documents/Training/session-05-starter/utils/constants.ts": {"path":"/home/ll-kv-kirababu/Documents/Training/session-05-starter/utils/constants.ts","statementMap":{"0":{"start":{"line":1,"column":13},"end":{"line":1,"column":42}},"1":{"start":{"line":2,"column":13},"end":{"line":2,"column":null}}},"fnMap":{},"branchMap":{},"s":{"0":0,"1":0},"f":{},"b":{}}
,"/home/ll-kv-kirababu/Documents/Training/session-05-starter/validators/emailValidator.ts": {"path":"/home/ll-kv-kirababu/Documents/Training/session-05-starter/validators/emailValidator.ts","statementMap":{"0":{"start":{"line":1,"column":23},"end":{"line":3,"column":1}},"1":{"start":{"line":2,"column":4},"end":{"line":2,"column":31}},"2":{"start":{"line":1,"column":13},"end":{"line":1,"column":23}}},"fnMap":{"0":{"name":"(anonymous_0)","decl":{"start":{"line":1,"column":23},"end":{"line":1,"column":24}},"loc":{"start":{"line":1,"column":50},"end":{"line":3,"column":1}}}},"branchMap":{},"s":{"0":0,"1":0,"2":0},"f":{"0":0},"b":{}}
}
